# JRE version: Java(TM) SE Runtime Environment (8.0_171-b11) (build 1.8.0_171-b11)
# Java VM: Java HotSpot(TM) 64-Bit Server VM (25.171-b11 mixed mode linux-amd64 compressed oops)
Heap:
 PSYoungGen      total 95744K, used 31508K [0x00000000d7000000, 0x00000000dfd00000, 0x0000000100000000)
  eden space 89600K, 28% used [0x00000000d7000000,0x00000000d88eee18,0x00000000dc780000)
  from space 6144K, 97% used [0x00000000df700000,0x00000000dfcd62f0,0x00000000dfd00000)
  to   space 11264K, 0% used [0x00000000de700000,0x00000000de700000,0x00000000df200000)
 ParOldGen       total 68608K, used 12464K [0x0000000085000000, 0x0000000089300000, 0x00000000d7000000)
  object space 68608K, 18% used [0x0000000085000000,0x0000000085c2c1e0,0x0000000089300000)
 Metaspace       used 32056K, capacity 33104K, committed 33280K, reserved 1077248K
  class space    used 5581K, capacity 5858K, committed 5888K, reserved 1048576K
GC Heap History (10 events):
Event: 2,396 GC heap before
{Heap before GC invocations=3 (full 0):
 PSYoungGen      total 36864K, used 36863K [0x00000000d7000000, 0x00000000db800000, 0x0000000100000000)
  eden space 31744K, 100% used [0x00000000d7000000,0x00000000d8f00000,0x00000000d8f00000)
  from space 5120K, 99% used [0x00000000d9400000,0x00000000d98fffd0,0x00000000d9900000)
  to   space 5120K, 0% used [0x00000000d8f00000,0x00000000d8f00000,0x00000000d9400000)
 ParOldGen       total 84992K, used 1630K [0x0000000085000000, 0x000000008a300000, 0x00000000d7000000)
  object space 84992K, 1% used [0x0000000085000000,0x0000000085197ad8,0x000000008a300000)
 Metaspace       used 15146K, capacity 15394K, committed 15616K, reserved 1062912K
  class space    used 1851K, capacity 1939K, committed 2048K, reserved 1048576K
Event: 2,407 GC heap after
Heap after GC invocations=3 (full 0):
 PSYoungGen      total 36864K, used 5104K [0x00000000d7000000, 0x00000000db800000, 0x0000000100000000)
  eden space 31744K, 0% used [0x00000000d7000000,0x00000000d7000000,0x00000000d8f00000)
  from space 5120K, 99% used [0x00000000d8f00000,0x00000000d93fc010,0x00000000d9400000)
  to   space 5120K, 0% used [0x00000000db300000,0x00000000db300000,0x00000000db800000)
 ParOldGen       total 84992K, used 3686K [0x0000000085000000, 0x000000008a300000, 0x00000000d7000000)
  object space 84992K, 4% used [0x0000000085000000,0x0000000085399850,0x000000008a300000)
 Metaspace       used 15146K, capacity 15394K, committed 15616K, reserved 1062912K
  class space    used 1851K, capacity 1939K, committed 2048K, reserved 1048576K
}
Event: 2,883 GC heap before
{Heap before GC invocations=4 (full 0):
 PSYoungGen      total 36864K, used 36848K [0x00000000d7000000, 0x00000000db800000, 0x0000000100000000)
  eden space 31744K, 100% used [0x00000000d7000000,0x00000000d8f00000,0x00000000d8f00000)
  from space 5120K, 99% used [0x00000000d8f00000,0x00000000d93fc010,0x00000000d9400000)
  to   space 5120K, 0% used [0x00000000db300000,0x00000000db300000,0x00000000db800000)
 ParOldGen       total 84992K, used 3686K [0x0000000085000000, 0x000000008a300000, 0x00000000d7000000)
  object space 84992K, 4% used [0x0000000085000000,0x0000000085399850,0x000000008a300000)
 Metaspace       used 15433K, capacity 15680K, committed 15872K, reserved 1062912K
  class space    used 1857K, capacity 1944K, committed 2048K, reserved 1048576K
Event: 2,899 GC heap after
Heap after GC invocations=4 (full 0):
 PSYoungGen      total 68608K, used 5104K [0x00000000d7000000, 0x00000000db800000, 0x0000000100000000)
  eden space 63488K, 0% used [0x00000000d7000000,0x00000000d7000000,0x00000000dae00000)
  from space 5120K, 99% used [0x00000000db300000,0x00000000db7fc030,0x00000000db800000)
  to   space 5120K, 0% used [0x00000000dae00000,0x00000000dae00000,0x00000000db300000)
 ParOldGen       total 84992K, used 5622K [0x0000000085000000, 0x000000008a300000, 0x00000000d7000000)
  object space 84992K, 6% used [0x0000000085000000,0x000000008557d850,0x000000008a300000)
 Metaspace       used 15433K, capacity 15680K, committed 15872K, reserved 1062912K
  class space    used 1857K, capacity 1944K, committed 2048K, reserved 1048576K
}
Event: 4,148 GC heap before
{Heap before GC invocations=5 (full 0):
 PSYoungGen      total 68608K, used 68074K [0x00000000d7000000, 0x00000000db800000, 0x0000000100000000)
  eden space 63488K, 99% used [0x00000000d7000000,0x00000000dad7e910,0x00000000dae00000)
  from space 5120K, 99% used [0x00000000db300000,0x00000000db7fc030,0x00000000db800000)
  to   space 5120K, 0% used [0x00000000dae00000,0x00000000dae00000,0x00000000db300000)
 ParOldGen       total 84992K, used 5622K [0x0000000085000000, 0x000000008a300000, 0x00000000d7000000)
  object space 84992K, 6% used [0x0000000085000000,0x000000008557d850,0x000000008a300000)
 Metaspace       used 20613K, capacity 21058K, committed 21248K, reserved 1067008K
  class space    used 2549K, capacity 2737K, committed 2816K, reserved 1048576K
Event: 4,176 GC heap after
Heap after GC invocations=5 (full 0):
 PSYoungGen      total 68608K, used 5104K [0x00000000d7000000, 0x00000000e0200000, 0x0000000100000000)
  eden space 63488K, 0% used [0x00000000d7000000,0x00000000d7000000,0x00000000dae00000)
  from space 5120K, 99% used [0x00000000dae00000,0x00000000db2fc030,0x00000000db300000)
  to   space 11264K, 0% used [0x00000000df700000,0x00000000df700000,0x00000000e0200000)
 ParOldGen       total 84992K, used 11767K [0x0000000085000000, 0x000000008a300000, 0x00000000d7000000)
  object space 84992K, 13% used [0x0000000085000000,0x0000000085b7dfd8,0x000000008a300000)
 Metaspace       used 20613K, capacity 21058K, committed 21248K, reserved 1067008K
  class space    used 2549K, capacity 2737K, committed 2816K, reserved 1048576K
}
Event: 4,176 GC heap before
{Heap before GC invocations=6 (full 1):
 PSYoungGen      total 68608K, used 5104K [0x00000000d7000000, 0x00000000e0200000, 0x0000000100000000)
  eden space 63488K, 0% used [0x00000000d7000000,0x00000000d7000000,0x00000000dae00000)
  from space 5120K, 99% used [0x00000000dae00000,0x00000000db2fc030,0x00000000db300000)
  to   space 11264K, 0% used [0x00000000df700000,0x00000000df700000,0x00000000e0200000)
 ParOldGen       total 84992K, used 11767K [0x0000000085000000, 0x000000008a300000, 0x00000000d7000000)
  object space 84992K, 13% used [0x0000000085000000,0x0000000085b7dfd8,0x000000008a300000)
 Metaspace       used 20613K, capacity 21058K, committed 21248K, reserved 1067008K
  class space    used 2549K, capacity 2737K, committed 2816K, reserved 1048576K
Event: 4,275 GC heap after
Heap after GC invocations=6 (full 1):
 PSYoungGen      total 68608K, used 0K [0x00000000d7000000, 0x00000000e0200000, 0x0000000100000000)
  eden space 63488K, 0% used [0x00000000d7000000,0x00000000d7000000,0x00000000dae00000)
  from space 5120K, 0% used [0x00000000dae00000,0x00000000dae00000,0x00000000db300000)
  to   space 11264K, 0% used [0x00000000df700000,0x00000000df700000,0x00000000e0200000)
 ParOldGen       total 68608K, used 12456K [0x0000000085000000, 0x0000000089300000, 0x00000000d7000000)
  object space 68608K, 18% used [0x0000000085000000,0x0000000085c2a1e0,0x0000000089300000)
 Metaspace       used 20613K, capacity 21058K, committed 21248K, reserved 1067008K
  class space    used 2549K, capacity 2737K, committed 2816K, reserved 1048576K
}
Event: 5,186 GC heap before
{Heap before GC invocations=7 (full 1):
 PSYoungGen      total 68608K, used 63488K [0x00000000d7000000, 0x00000000e0200000, 0x0000000100000000)
  eden space 63488K, 100% used [0x00000000d7000000,0x00000000dae00000,0x00000000dae00000)
  from space 5120K, 0% used [0x00000000dae00000,0x00000000dae00000,0x00000000db300000)
  to   space 11264K, 0% used [0x00000000df700000,0x00000000df700000,0x00000000e0200000)
 ParOldGen       total 68608K, used 12456K [0x0000000085000000, 0x0000000089300000, 0x00000000d7000000)
  object space 68608K, 18% used [0x0000000085000000,0x0000000085c2a1e0,0x0000000089300000)
 Metaspace       used 26881K, capacity 27344K, committed 27776K, reserved 1073152K
  class space    used 4735K, capacity 4894K, committed 4992K, reserved 1048576K
Event: 5,200 GC heap after
Heap after GC invocations=7 (full 1):
 PSYoungGen      total 95744K, used 5976K [0x00000000d7000000, 0x00000000dfd00000, 0x0000000100000000)
  eden space 89600K, 0% used [0x00000000d7000000,0x00000000d7000000,0x00000000dc780000)
  from space 6144K, 97% used [0x00000000df700000,0x00000000dfcd62f0,0x00000000dfd00000)
  to   space 11264K, 0% used [0x00000000de700000,0x00000000de700000,0x00000000df200000)
 ParOldGen       total 68608K, used 12464K [0x0000000085000000, 0x0000000089300000, 0x00000000d7000000)
  object space 68608K, 18% used [0x0000000085000000,0x0000000085c2c1e0,0x0000000089300000)
 Metaspace       used 26881K, capacity 27344K, committed 27776K, reserved 1073152K
  class space    used 4735K, capacity 4894K, committed 4992K, reserved 1048576K
}

