# JRE version: Java(TM) SE Runtime Environment (8.0_171-b11) (build 1.8.0_171-b11)
# Java VM: Java HotSpot(TM) 64-Bit Server VM (25.171-b11 mixed mode linux-amd64 compressed oops)
Heap:
 PSYoungGen      total 540160K, used 243681K [0x00000000d7000000, 0x0000000100000000, 0x0000000100000000)
  eden space 419840K, 39% used [0x00000000d7000000,0x00000000e137c240,0x00000000f0a00000)
  from space 120320K, 63% used [0x00000000f8a80000,0x00000000fd4fc1e8,0x0000000100000000)
  to   space 125952K, 0% used [0x00000000f0a00000,0x00000000f0a00000,0x00000000f8500000)
 ParOldGen       total 486912K, used 252140K [0x0000000085000000, 0x00000000a2b80000, 0x00000000d7000000)
  object space 486912K, 51% used [0x0000000085000000,0x000000009463b110,0x00000000a2b80000)
 Metaspace       used 20808K, capacity 21396K, committed 21760K, reserved 1067008K
  class space    used 4101K, capacity 4228K, committed 4352K, reserved 1048576K
GC Heap History (10 events):
Event: 58,738 GC heap before
{Heap before GC invocations=32 (full 4):
 PSYoungGen      total 508416K, used 375529K [0x00000000d7000000, 0x00000000ff200000, 0x0000000100000000)
  eden space 361472K, 100% used [0x00000000d7000000,0x00000000ed100000,0x00000000ed100000)
  from space 146944K, 9% used [0x00000000ed100000,0x00000000edeba430,0x00000000f6080000)
  to   space 141312K, 0% used [0x00000000f6800000,0x00000000f6800000,0x00000000ff200000)
 ParOldGen       total 486912K, used 252100K [0x0000000085000000, 0x00000000a2b80000, 0x00000000d7000000)
  object space 486912K, 51% used [0x0000000085000000,0x0000000094631110,0x00000000a2b80000)
 Metaspace       used 19523K, capacity 20118K, committed 20224K, reserved 1064960K
  class space    used 3944K, capacity 4085K, committed 4096K, reserved 1048576K
Event: 58,751 GC heap after
Heap after GC invocations=32 (full 4):
 PSYoungGen      total 514048K, used 14850K [0x00000000d7000000, 0x00000000feb80000, 0x0000000100000000)
  eden space 379392K, 0% used [0x00000000d7000000,0x00000000d7000000,0x00000000ee280000)
  from space 134656K, 11% used [0x00000000f6800000,0x00000000f7680ac0,0x00000000feb80000)
  to   space 135680K, 0% used [0x00000000ee280000,0x00000000ee280000,0x00000000f6700000)
 ParOldGen       total 486912K, used 252108K [0x0000000085000000, 0x00000000a2b80000, 0x00000000d7000000)
  object space 486912K, 51% used [0x0000000085000000,0x0000000094633110,0x00000000a2b80000)
 Metaspace       used 19523K, capacity 20118K, committed 20224K, reserved 1064960K
  class space    used 3944K, capacity 4085K, committed 4096K, reserved 1048576K
}
Event: 61,829 GC heap before
{Heap before GC invocations=33 (full 4):
 PSYoungGen      total 514048K, used 394242K [0x00000000d7000000, 0x00000000feb80000, 0x0000000100000000)
  eden space 379392K, 100% used [0x00000000d7000000,0x00000000ee280000,0x00000000ee280000)
  from space 134656K, 11% used [0x00000000f6800000,0x00000000f7680ac0,0x00000000feb80000)
  to   space 135680K, 0% used [0x00000000ee280000,0x00000000ee280000,0x00000000f6700000)
 ParOldGen       total 486912K, used 252108K [0x0000000085000000, 0x00000000a2b80000, 0x00000000d7000000)
  object space 486912K, 51% used [0x0000000085000000,0x0000000094633110,0x00000000a2b80000)
 Metaspace       used 19785K, capacity 20366K, committed 20608K, reserved 1064960K
  class space    used 3978K, capacity 4099K, committed 4224K, reserved 1048576K
Event: 61,922 GC heap after
Heap after GC invocations=33 (full 4):
 PSYoungGen      total 515072K, used 45685K [0x00000000d7000000, 0x00000000ff080000, 0x0000000100000000)
  eden space 379392K, 0% used [0x00000000d7000000,0x00000000d7000000,0x00000000ee280000)
  from space 135680K, 33% used [0x00000000ee280000,0x00000000f0f1d680,0x00000000f6700000)
  to   space 129024K, 0% used [0x00000000f7280000,0x00000000f7280000,0x00000000ff080000)
 ParOldGen       total 486912K, used 252116K [0x0000000085000000, 0x00000000a2b80000, 0x00000000d7000000)
  object space 486912K, 51% used [0x0000000085000000,0x0000000094635110,0x00000000a2b80000)
 Metaspace       used 19785K, capacity 20366K, committed 20608K, reserved 1064960K
  class space    used 3978K, capacity 4099K, committed 4224K, reserved 1048576K
}
Event: 65,106 GC heap before
{Heap before GC invocations=34 (full 4):
 PSYoungGen      total 515072K, used 425077K [0x00000000d7000000, 0x00000000ff080000, 0x0000000100000000)
  eden space 379392K, 100% used [0x00000000d7000000,0x00000000ee280000,0x00000000ee280000)
  from space 135680K, 33% used [0x00000000ee280000,0x00000000f0f1d680,0x00000000f6700000)
  to   space 129024K, 0% used [0x00000000f7280000,0x00000000f7280000,0x00000000ff080000)
 ParOldGen       total 486912K, used 252116K [0x0000000085000000, 0x00000000a2b80000, 0x00000000d7000000)
  object space 486912K, 51% used [0x0000000085000000,0x0000000094635110,0x00000000a2b80000)
 Metaspace       used 19992K, capacity 20596K, committed 20864K, reserved 1067008K
  class space    used 3995K, capacity 4132K, committed 4224K, reserved 1048576K
Event: 65,182 GC heap after
Heap after GC invocations=34 (full 4):
 PSYoungGen      total 506368K, used 39717K [0x00000000d7000000, 0x00000000fde00000, 0x0000000100000000)
  eden space 396288K, 0% used [0x00000000d7000000,0x00000000d7000000,0x00000000ef300000)
  from space 110080K, 36% used [0x00000000f7280000,0x00000000f99496c8,0x00000000fde00000)
  to   space 120320K, 0% used [0x00000000ef300000,0x00000000ef300000,0x00000000f6880000)
 ParOldGen       total 486912K, used 252124K [0x0000000085000000, 0x00000000a2b80000, 0x00000000d7000000)
  object space 486912K, 51% used [0x0000000085000000,0x0000000094637110,0x00000000a2b80000)
 Metaspace       used 19992K, capacity 20596K, committed 20864K, reserved 1067008K
  class space    used 3995K, capacity 4132K, committed 4224K, reserved 1048576K
}
Event: 65,618 GC heap before
{Heap before GC invocations=35 (full 4):
 PSYoungGen      total 506368K, used 436005K [0x00000000d7000000, 0x00000000fde00000, 0x0000000100000000)
  eden space 396288K, 100% used [0x00000000d7000000,0x00000000ef300000,0x00000000ef300000)
  from space 110080K, 36% used [0x00000000f7280000,0x00000000f99496c8,0x00000000fde00000)
  to   space 120320K, 0% used [0x00000000ef300000,0x00000000ef300000,0x00000000f6880000)
 ParOldGen       total 486912K, used 252124K [0x0000000085000000, 0x00000000a2b80000, 0x00000000d7000000)
  object space 486912K, 51% used [0x0000000085000000,0x0000000094637110,0x00000000a2b80000)
 Metaspace       used 19996K, capacity 20596K, committed 20864K, reserved 1067008K
  class space    used 3995K, capacity 4132K, committed 4224K, reserved 1048576K
Event: 65,724 GC heap after
Heap after GC invocations=35 (full 4):
 PSYoungGen      total 516608K, used 60079K [0x00000000d7000000, 0x0000000100000000, 0x0000000100000000)
  eden space 396288K, 0% used [0x00000000d7000000,0x00000000d7000000,0x00000000ef300000)
  from space 120320K, 49% used [0x00000000ef300000,0x00000000f2dabd68,0x00000000f6880000)
  to   space 120320K, 0% used [0x00000000f8a80000,0x00000000f8a80000,0x0000000100000000)
 ParOldGen       total 486912K, used 252132K [0x0000000085000000, 0x00000000a2b80000, 0x00000000d7000000)
  object space 486912K, 51% used [0x0000000085000000,0x0000000094639110,0x00000000a2b80000)
 Metaspace       used 19996K, capacity 20596K, committed 20864K, reserved 1067008K
  class space    used 3995K, capacity 4132K, committed 4224K, reserved 1048576K
}
Event: 66,078 GC heap before
{Heap before GC invocations=36 (full 4):
 PSYoungGen      total 516608K, used 456367K [0x00000000d7000000, 0x0000000100000000, 0x0000000100000000)
  eden space 396288K, 100% used [0x00000000d7000000,0x00000000ef300000,0x00000000ef300000)
  from space 120320K, 49% used [0x00000000ef300000,0x00000000f2dabd68,0x00000000f6880000)
  to   space 120320K, 0% used [0x00000000f8a80000,0x00000000f8a80000,0x0000000100000000)
 ParOldGen       total 486912K, used 252132K [0x0000000085000000, 0x00000000a2b80000, 0x00000000d7000000)
  object space 486912K, 51% used [0x0000000085000000,0x0000000094639110,0x00000000a2b80000)
 Metaspace       used 19996K, capacity 20596K, committed 20864K, reserved 1067008K
  class space    used 3995K, capacity 4132K, committed 4224K, reserved 1048576K
Event: 66,157 GC heap after
Heap after GC invocations=36 (full 4):
 PSYoungGen      total 540160K, used 76272K [0x00000000d7000000, 0x0000000100000000, 0x0000000100000000)
  eden space 419840K, 0% used [0x00000000d7000000,0x00000000d7000000,0x00000000f0a00000)
  from space 120320K, 63% used [0x00000000f8a80000,0x00000000fd4fc1e8,0x0000000100000000)
  to   space 125952K, 0% used [0x00000000f0a00000,0x00000000f0a00000,0x00000000f8500000)
 ParOldGen       total 486912K, used 252140K [0x0000000085000000, 0x00000000a2b80000, 0x00000000d7000000)
  object space 486912K, 51% used [0x0000000085000000,0x000000009463b110,0x00000000a2b80000)
 Metaspace       used 19996K, capacity 20596K, committed 20864K, reserved 1067008K
  class space    used 3995K, capacity 4132K, committed 4224K, reserved 1048576K
}

