# JRE version: Java(TM) SE Runtime Environment (8.0_171-b11) (build 1.8.0_171-b11)
# Java VM: Java HotSpot(TM) 64-Bit Server VM (25.171-b11 mixed mode linux-amd64 compressed oops)
Heap:
 PSYoungGen      total 550400K, used 418219K [0x00000000d7000000, 0x0000000100000000, 0x0000000100000000)
  eden space 444416K, 73% used [0x00000000d7000000,0x00000000eb040d48,0x00000000f2200000)
  from space 105984K, 85% used [0x00000000f9880000,0x00000000ff0aa0a0,0x0000000100000000)
  to   space 113664K, 0% used [0x00000000f2200000,0x00000000f2200000,0x00000000f9100000)
 ParOldGen       total 700416K, used 473574K [0x0000000085000000, 0x00000000afc00000, 0x00000000d7000000)
  object space 700416K, 67% used [0x0000000085000000,0x00000000a1e79a88,0x00000000afc00000)
 Metaspace       used 20799K, capacity 21392K, committed 21760K, reserved 1067008K
  class space    used 4101K, capacity 4228K, committed 4352K, reserved 1048576K
GC Heap History (10 events):
Event: 91,456 GC heap before
{Heap before GC invocations=28 (full 4):
 PSYoungGen      total 563200K, used 520076K [0x00000000d7000000, 0x00000000ff880000, 0x0000000100000000)
  eden space 466432K, 100% used [0x00000000d7000000,0x00000000f3780000,0x00000000f3780000)
  from space 96768K, 55% used [0x00000000f3780000,0x00000000f6be3250,0x00000000f9600000)
  to   space 93696K, 0% used [0x00000000f9d00000,0x00000000f9d00000,0x00000000ff880000)
 ParOldGen       total 700416K, used 432679K [0x0000000085000000, 0x00000000afc00000, 0x00000000d7000000)
  object space 700416K, 61% used [0x0000000085000000,0x000000009f689ec0,0x00000000afc00000)
 Metaspace       used 19514K, capacity 20114K, committed 20224K, reserved 1064960K
  class space    used 3944K, capacity 4085K, committed 4096K, reserved 1048576K
Event: 91,659 GC heap after
Heap after GC invocations=28 (full 4):
 PSYoungGen      total 571392K, used 51252K [0x00000000d7000000, 0x00000000ff600000, 0x0000000100000000)
  eden space 480256K, 0% used [0x00000000d7000000,0x00000000d7000000,0x00000000f4500000)
  from space 91136K, 56% used [0x00000000f9d00000,0x00000000fcf0d048,0x00000000ff600000)
  to   space 90112K, 0% used [0x00000000f4500000,0x00000000f4500000,0x00000000f9d00000)
 ParOldGen       total 700416K, used 432679K [0x0000000085000000, 0x00000000afc00000, 0x00000000d7000000)
  object space 700416K, 61% used [0x0000000085000000,0x000000009f689ec0,0x00000000afc00000)
 Metaspace       used 19514K, capacity 20114K, committed 20224K, reserved 1064960K
  class space    used 3944K, capacity 4085K, committed 4096K, reserved 1048576K
}
Event: 93,306 GC heap before
{Heap before GC invocations=29 (full 4):
 PSYoungGen      total 571392K, used 531508K [0x00000000d7000000, 0x00000000ff600000, 0x0000000100000000)
  eden space 480256K, 100% used [0x00000000d7000000,0x00000000f4500000,0x00000000f4500000)
  from space 91136K, 56% used [0x00000000f9d00000,0x00000000fcf0d048,0x00000000ff600000)
  to   space 90112K, 0% used [0x00000000f4500000,0x00000000f4500000,0x00000000f9d00000)
 ParOldGen       total 700416K, used 432679K [0x0000000085000000, 0x00000000afc00000, 0x00000000d7000000)
  object space 700416K, 61% used [0x0000000085000000,0x000000009f689ec0,0x00000000afc00000)
 Metaspace       used 19519K, capacity 20114K, committed 20224K, reserved 1064960K
  class space    used 3944K, capacity 4085K, committed 4096K, reserved 1048576K
Event: 93,507 GC heap after
Heap after GC invocations=29 (full 4):
 PSYoungGen      total 570368K, used 52118K [0x00000000d7000000, 0x00000000ff900000, 0x0000000100000000)
  eden space 480256K, 0% used [0x00000000d7000000,0x00000000d7000000,0x00000000f4500000)
  from space 90112K, 57% used [0x00000000f4500000,0x00000000f77e5878,0x00000000f9d00000)
  to   space 87040K, 0% used [0x00000000fa400000,0x00000000fa400000,0x00000000ff900000)
 ParOldGen       total 700416K, used 432679K [0x0000000085000000, 0x00000000afc00000, 0x00000000d7000000)
  object space 700416K, 61% used [0x0000000085000000,0x000000009f689ec0,0x00000000afc00000)
 Metaspace       used 19519K, capacity 20114K, committed 20224K, reserved 1064960K
  class space    used 3944K, capacity 4085K, committed 4096K, reserved 1048576K
}
Event: 101,462 GC heap before
{Heap before GC invocations=30 (full 4):
 PSYoungGen      total 570368K, used 532374K [0x00000000d7000000, 0x00000000ff900000, 0x0000000100000000)
  eden space 480256K, 100% used [0x00000000d7000000,0x00000000f4500000,0x00000000f4500000)
  from space 90112K, 57% used [0x00000000f4500000,0x00000000f77e5878,0x00000000f9d00000)
  to   space 87040K, 0% used [0x00000000fa400000,0x00000000fa400000,0x00000000ff900000)
 ParOldGen       total 700416K, used 432679K [0x0000000085000000, 0x00000000afc00000, 0x00000000d7000000)
  object space 700416K, 61% used [0x0000000085000000,0x000000009f689ec0,0x00000000afc00000)
 Metaspace       used 19787K, capacity 20362K, committed 20608K, reserved 1064960K
  class space    used 3978K, capacity 4099K, committed 4224K, reserved 1048576K
Event: 101,889 GC heap after
Heap after GC invocations=30 (full 4):
 PSYoungGen      total 546816K, used 87031K [0x00000000d7000000, 0x0000000100000000, 0x0000000100000000)
  eden space 459776K, 0% used [0x00000000d7000000,0x00000000d7000000,0x00000000f3100000)
  from space 87040K, 99% used [0x00000000fa400000,0x00000000ff8fdf70,0x00000000ff900000)
  to   space 105984K, 0% used [0x00000000f3100000,0x00000000f3100000,0x00000000f9880000)
 ParOldGen       total 700416K, used 456976K [0x0000000085000000, 0x00000000afc00000, 0x00000000d7000000)
  object space 700416K, 65% used [0x0000000085000000,0x00000000a0e44008,0x00000000afc00000)
 Metaspace       used 19787K, capacity 20362K, committed 20608K, reserved 1064960K
  class space    used 3978K, capacity 4099K, committed 4224K, reserved 1048576K
}
Event: 105,316 GC heap before
{Heap before GC invocations=31 (full 4):
 PSYoungGen      total 546816K, used 546807K [0x00000000d7000000, 0x0000000100000000, 0x0000000100000000)
  eden space 459776K, 100% used [0x00000000d7000000,0x00000000f3100000,0x00000000f3100000)
  from space 87040K, 99% used [0x00000000fa400000,0x00000000ff8fdf70,0x00000000ff900000)
  to   space 105984K, 0% used [0x00000000f3100000,0x00000000f3100000,0x00000000f9880000)
 ParOldGen       total 700416K, used 456976K [0x0000000085000000, 0x00000000afc00000, 0x00000000d7000000)
  object space 700416K, 65% used [0x0000000085000000,0x00000000a0e44008,0x00000000afc00000)
 Metaspace       used 19983K, capacity 20592K, committed 20864K, reserved 1067008K
  class space    used 3995K, capacity 4132K, committed 4224K, reserved 1048576K
Event: 105,824 GC heap after
Heap after GC invocations=31 (full 4):
 PSYoungGen      total 565760K, used 69218K [0x00000000d7000000, 0x0000000100000000, 0x0000000100000000)
  eden space 459776K, 0% used [0x00000000d7000000,0x00000000d7000000,0x00000000f3100000)
  from space 105984K, 65% used [0x00000000f3100000,0x00000000f74988c0,0x00000000f9880000)
  to   space 105984K, 0% used [0x00000000f9880000,0x00000000f9880000,0x0000000100000000)
 ParOldGen       total 700416K, used 473566K [0x0000000085000000, 0x00000000afc00000, 0x00000000d7000000)
  object space 700416K, 67% used [0x0000000085000000,0x00000000a1e77a88,0x00000000afc00000)
 Metaspace       used 19983K, capacity 20592K, committed 20864K, reserved 1067008K
  class space    used 3995K, capacity 4132K, committed 4224K, reserved 1048576K
}
Event: 106,559 GC heap before
{Heap before GC invocations=32 (full 4):
 PSYoungGen      total 565760K, used 528994K [0x00000000d7000000, 0x0000000100000000, 0x0000000100000000)
  eden space 459776K, 100% used [0x00000000d7000000,0x00000000f3100000,0x00000000f3100000)
  from space 105984K, 65% used [0x00000000f3100000,0x00000000f74988c0,0x00000000f9880000)
  to   space 105984K, 0% used [0x00000000f9880000,0x00000000f9880000,0x0000000100000000)
 ParOldGen       total 700416K, used 473566K [0x0000000085000000, 0x00000000afc00000, 0x00000000d7000000)
  object space 700416K, 67% used [0x0000000085000000,0x00000000a1e77a88,0x00000000afc00000)
 Metaspace       used 19986K, capacity 20592K, committed 20864K, reserved 1067008K
  class space    used 3995K, capacity 4132K, committed 4224K, reserved 1048576K
Event: 106,802 GC heap after
Heap after GC invocations=32 (full 4):
 PSYoungGen      total 550400K, used 90280K [0x00000000d7000000, 0x0000000100000000, 0x0000000100000000)
  eden space 444416K, 0% used [0x00000000d7000000,0x00000000d7000000,0x00000000f2200000)
  from space 105984K, 85% used [0x00000000f9880000,0x00000000ff0aa0a0,0x0000000100000000)
  to   space 113664K, 0% used [0x00000000f2200000,0x00000000f2200000,0x00000000f9100000)
 ParOldGen       total 700416K, used 473574K [0x0000000085000000, 0x00000000afc00000, 0x00000000d7000000)
  object space 700416K, 67% used [0x0000000085000000,0x00000000a1e79a88,0x00000000afc00000)
 Metaspace       used 19986K, capacity 20592K, committed 20864K, reserved 1067008K
  class space    used 3995K, capacity 4132K, committed 4224K, reserved 1048576K
}

